Ackroyd --> (INF2D,95) (DAPA,66) (TTS,93) (COPT,63) (NIP,84) (PM,41) (COC,71) (IRR,44) (BIO1,48) (PPLS,91) (HCI,79)	
Alligood --> (BIO2,77) (CT,42) (PPLS,70)	
Angle --> (TTS,53)	
Alderson --> (COC,94)	
Applin --> (RTN,99)	
Ewan --> (IJP,45)	
Acey --> (RTN,96) (PPLS,69) (BIO1,41) (ASR,56)	
Amis --> (ASR,73) (HCI,63) (IRP,92) (CCN,66)	
Allee --> (EXC,59) (BIO1,89) (RTN,70)	
Ancell --> (DISS,93)	
Aldredge --> (INF1-CG,51) (DMR,53) (COPT,90)	
Aliff --> (INF2D,60)	
Daisy --> (DAPA,74)	
Josh --> (PM,42) (IRP,58) (PPLS,40) (ASR,55)	
Abbott --> (AGTA,40) (COC,80) (BIO1,59) (IJP,45)	
Allyn --> (DMR,52)	
Amason --> (INF2D,84) (DISS,43)	
Applegarth --> (COPT,98)	
Antrobus --> (CCN,88) (COC,48)	
Tyler --> (ES,77) (BIO2,92) (COPT,57) (SLIP,40) (PM,52) (CT,81)
